mode: set
greenbone-case-study/database/db.go:14.18,19.16 2 0
greenbone-case-study/database/db.go:19.16,21.3 1 0
greenbone-case-study/database/db.go:23.2,24.15 2 0
greenbone-case-study/database/db.go:27.35,32.16 2 0
greenbone-case-study/database/db.go:32.16,34.3 1 0
greenbone-case-study/database/db.go:35.2,36.17 2 0
greenbone-case-study/main.go:12.13,21.2 5 0
greenbone-case-study/models/computer.go:26.36,27.69 1 0
greenbone-case-study/models/computer.go:27.69,29.3 1 0
greenbone-case-study/models/computer.go:30.2,30.13 1 0
greenbone-case-study/models/computer.go:33.56,34.19 1 0
greenbone-case-study/models/computer.go:34.19,36.3 1 0
greenbone-case-study/models/computer.go:37.2,40.15 3 0
greenbone-case-study/models/computer.go:40.15,42.3 1 0
greenbone-case-study/models/computer.go:44.2,45.15 2 0
greenbone-case-study/models/computer.go:45.15,47.3 1 0
greenbone-case-study/models/computer.go:49.2,49.12 1 0
greenbone-case-study/models/computer.go:52.55,54.20 2 0
greenbone-case-study/models/computer.go:54.20,56.3 1 0
greenbone-case-study/models/computer.go:57.2,60.16 3 0
greenbone-case-study/models/computer.go:60.16,62.3 1 0
greenbone-case-study/models/computer.go:64.2,64.12 1 0
greenbone-case-study/models/computer.go:67.53,82.16 4 0
greenbone-case-study/models/computer.go:82.16,84.3 1 0
greenbone-case-study/models/computer.go:86.2,88.16 2 0
greenbone-case-study/models/computer.go:88.16,90.3 1 0
greenbone-case-study/models/computer.go:92.2,94.38 2 0
greenbone-case-study/models/computer.go:94.38,96.3 1 0
greenbone-case-study/models/computer.go:97.2,97.12 1 0
greenbone-case-study/routes/route.go:11.34,12.40 1 0
greenbone-case-study/routes/route.go:12.40,14.3 1 0
greenbone-case-study/routes/route.go:16.2,16.46 1 0
greenbone-case-study/routes/route.go:16.46,18.3 1 0
greenbone-case-study/routes/route.go:19.2,25.74 7 0
greenbone-case-study/database/db.go:14.18,19.16 2 0
greenbone-case-study/database/db.go:19.16,21.3 1 0
greenbone-case-study/database/db.go:23.2,24.15 2 0
greenbone-case-study/database/db.go:27.35,32.16 2 1
greenbone-case-study/database/db.go:32.16,34.3 1 0
greenbone-case-study/database/db.go:35.2,36.17 2 1
greenbone-case-study/handlers/computer.go:12.41,15.48 2 1
greenbone-case-study/handlers/computer.go:15.48,19.3 1 1
greenbone-case-study/handlers/computer.go:21.2,21.26 1 1
greenbone-case-study/handlers/computer.go:21.26,25.3 1 1
greenbone-case-study/handlers/computer.go:27.2,28.16 2 1
greenbone-case-study/handlers/computer.go:28.16,29.50 1 1
greenbone-case-study/handlers/computer.go:29.50,32.4 1 1
greenbone-case-study/handlers/computer.go:34.3,34.17 1 1
greenbone-case-study/handlers/computer.go:34.17,38.4 1 1
greenbone-case-study/handlers/computer.go:41.2,41.53 1 1
greenbone-case-study/handlers/computer.go:44.42,49.16 4 1
greenbone-case-study/handlers/computer.go:49.16,50.40 1 1
greenbone-case-study/handlers/computer.go:50.40,54.4 1 1
greenbone-case-study/handlers/computer.go:57.2,57.48 1 1
greenbone-case-study/handlers/computer.go:60.42,65.16 3 1
greenbone-case-study/handlers/computer.go:65.16,69.3 1 1
greenbone-case-study/handlers/computer.go:71.2,71.49 1 1
greenbone-case-study/handlers/computer.go:74.45,79.16 4 1
greenbone-case-study/handlers/computer.go:79.16,80.40 1 1
greenbone-case-study/handlers/computer.go:80.40,84.4 1 1
greenbone-case-study/handlers/computer.go:87.2,88.16 2 1
greenbone-case-study/handlers/computer.go:88.16,92.3 1 1
greenbone-case-study/handlers/computer.go:94.2,94.55 1 1
greenbone-case-study/handlers/computer.go:97.45,101.63 3 1
greenbone-case-study/handlers/computer.go:101.63,103.3 1 1
greenbone-case-study/handlers/computer.go:105.2,106.45 2 1
greenbone-case-study/handlers/computer.go:106.45,108.3 1 1
greenbone-case-study/handlers/computer.go:110.2,118.16 7 1
greenbone-case-study/handlers/computer.go:118.16,120.33 1 1
greenbone-case-study/handlers/computer.go:120.33,125.4 1 1
greenbone-case-study/handlers/computer.go:127.2,127.25 1 1
greenbone-case-study/handlers/computer.go:130.41,137.63 5 1
greenbone-case-study/handlers/computer.go:137.63,139.3 1 1
greenbone-case-study/handlers/computer.go:141.2,143.58 2 1
greenbone-case-study/handlers/computer.go:143.58,145.3 1 0
greenbone-case-study/handlers/computer.go:146.2,146.25 1 1
greenbone-case-study/handlers/computer.go:149.47,156.16 5 1
greenbone-case-study/handlers/computer.go:156.16,160.3 1 1
greenbone-case-study/handlers/computer.go:162.2,162.49 1 1
greenbone-case-study/models/computer.go:26.36,27.69 1 1
greenbone-case-study/models/computer.go:27.69,29.3 1 1
greenbone-case-study/models/computer.go:30.2,30.13 1 1
greenbone-case-study/models/computer.go:33.56,34.19 1 1
greenbone-case-study/models/computer.go:34.19,36.3 1 1
greenbone-case-study/models/computer.go:37.2,40.15 3 1
greenbone-case-study/models/computer.go:40.15,42.3 1 1
greenbone-case-study/models/computer.go:44.2,45.15 2 1
greenbone-case-study/models/computer.go:45.15,47.3 1 1
greenbone-case-study/models/computer.go:49.2,49.12 1 1
greenbone-case-study/models/computer.go:52.55,54.20 2 1
greenbone-case-study/models/computer.go:54.20,56.3 1 1
greenbone-case-study/models/computer.go:57.2,60.16 3 1
greenbone-case-study/models/computer.go:60.16,62.3 1 1
greenbone-case-study/models/computer.go:64.2,64.12 1 1
greenbone-case-study/models/computer.go:67.53,82.16 4 1
greenbone-case-study/models/computer.go:82.16,84.3 1 0
greenbone-case-study/models/computer.go:86.2,88.16 2 1
greenbone-case-study/models/computer.go:88.16,90.3 1 0
greenbone-case-study/models/computer.go:92.2,94.38 2 1
greenbone-case-study/models/computer.go:94.38,96.3 1 0
greenbone-case-study/models/computer.go:97.2,97.12 1 1
